<?xml version="1.0" encoding="UTF-8"?>
<!-- Generated by org.testng.reporters.JUnitReportReporter -->
<testsuite hostname="LAPTOP-41JF7SVE" failures="0" tests="3" name="testCases.TestCasesHomePage" time="15.274" errors="0" timestamp="2024-02-18T23:44:57 IST" skipped="0">
  <testcase classname="testCases.TestCasesHomePage" name="testCase01" time="12.021"/>
  <testcase classname="testCases.TestCasesHomePage" name="testCase02" time="2.121"/>
  <testcase classname="testCases.TestCasesHomePage" name="testCase03" time="1.132"/>
</testsuite> <!-- testCases.TestCasesHomePage -->
