<?xml version="1.0" encoding="UTF-8"?>
<!-- Generated by org.testng.reporters.JUnitReportReporter -->
<testsuite hostname="LAPTOP-41JF7SVE" failures="0" tests="1" name="testCases.TestCasesHomePage" time="12.194" errors="0" timestamp="2024-02-15T23:39:06 IST" skipped="0">
  <testcase classname="testCases.TestCasesHomePage" name="testCase01" time="12.194"/>
</testsuite> <!-- testCases.TestCasesHomePage -->
