<?xml version="1.0" encoding="UTF-8"?>
<!-- Generated by org.testng.reporters.JUnitReportReporter -->
<testsuite hostname="LAPTOP-41JF7SVE" failures="0" tests="4" name="testCases.TestCasesHomePage" time="37.636" errors="0" timestamp="2024-02-19T12:13:14 IST" skipped="0">
  <testcase classname="testCases.TestCasesHomePage" name="testCase01" time="13.831"/>
  <testcase classname="testCases.TestCasesHomePage" name="testCase02" time="7.626"/>
  <testcase classname="testCases.TestCasesHomePage" name="testCase03" time="2.317"/>
  <testcase classname="testCases.TestCasesHomePage" name="testCase04" time="13.862"/>
</testsuite> <!-- testCases.TestCasesHomePage -->
